[2024-08-27 15:23:20] production.ERROR: Call to a member function delete() on null {"userId":1,"exception":"[object] (Error(code: 0): Call to a member function delete() on null at /home/admin/web/sampad.me/public_html/course/Modules/SidebarManager/Http/Controllers/SidebarManagerController.php:157)
[stacktrace]
#0 /home/admin/web/sampad.me/public_html/course/vendor/laravel/framework/src/Illuminate/Routing/Controller.php(54): Modules\\SidebarManager\\Http\\Controllers\\SidebarManagerController->deleteSection()
#1 /home/admin/web/sampad.me/public_html/course/vendor/laravel/framework/src/Illuminate/Routing/ControllerDispatcher.php(43): Illuminate\\Routing\\Controller->callAction()
#2 /home/admin/web/sampad.me/public_html/course/vendor/laravel/framework/src/Illuminate/Routing/Route.php(259): Illuminate\\Routing\\ControllerDispatcher->dispatch()
#3 /home/admin/web/sampad.me/public_html/course/vendor/laravel/framework/src/Illuminate/Routing/Route.php(205): Illuminate\\Routing\\Route->runController()
#4 /home/admin/web/sampad.me/public_html/course/vendor/laravel/framework/src/Illuminate/Routing/Router.php(798): Illuminate\\Routing\\Route->run()
#5 /home/admin/web/sampad.me/public_html/course/vendor/laravel/framework/src/Illuminate/Pipeline/Pipeline.php(141): Illuminate\\Routing\\Router->Illuminate\\Routing\\{closure}()
#6 /home/admin/web/sampad.me/public_html/course/app/Http/Middleware/DemoPreventMiddleware.php(23): Illuminate\\Pipeline\\Pipeline->Illuminate\\Pipeline\\{closure}()
#7 /home/admin/web/sampad.me/public_html/course/vendor/laravel/framework/src/Illuminate/Pipeline/Pipeline.php(180): App\\Http\\Middleware\\DemoPreventMiddleware->handle()
#8 /home/admin/web/sampad.me/public_html/course/app/Http/Middleware/RoutePermissionCheck.php(16): Illuminate\\Pipeline\\Pipeline->Illuminate\\Pipeline\\{closure}()
#9 /home/admin/web/sampad.me/public_html/course/vendor/laravel/framework/src/Illuminate/Pipeline/Pipeline.php(180): App\\Http\\Middleware\\RoutePermissionCheck->handle()
#10 /home/admin/web/sampad.me/public_html/course/vendor/spondonit/service/src/Middleware/ServiceMiddleware.php(40): Illuminate\\Pipeline\\Pipeline->Illuminate\\Pipeline\\{closure}()
#11 /home/admin/web/sampad.me/public_html/course/vendor/laravel/framework/src/Illuminate/Pipeline/Pipeline.php(180): SpondonIt\\Service\\Middleware\\ServiceMiddleware->handle()
#12 /home/admin/web/sampad.me/public_html/course/app/Http/Middleware/Impersonate.php(17): Illuminate\\Pipeline\\Pipeline->Illuminate\\Pipeline\\{closure}()
#13 /home/admin/web/sampad.me/public_html/course/vendor/laravel/framework/src/Illuminate/Pipeline/Pipeline.php(180): App\\Http\\Middleware\\Impersonate->handle()
#14 /home/admin/web/sampad.me/public_html/course/app/Http/Middleware/LastActivityMiddleware.php(26): Illuminate\\Pipeline\\Pipeline->Illuminate\\Pipeline\\{closure}()
#15 /home/admin/web/sampad.me/public_html/course/vendor/laravel/framework/src/Illuminate/Pipeline/Pipeline.php(180): App\\Http\\Middleware\\LastActivityMiddleware->handle()
#16 /home/admin/web/sampad.me/public_html/course/app/Http/Middleware/HttpsProtocol.php(32): Illuminate\\Pipeline\\Pipeline->Illuminate\\Pipeline\\{closure}()
#17 /home/admin/web/sampad.me/public_html/course/vendor/laravel/framework/src/Illuminate/Pipeline/Pipeline.php(180): App\\Http\\Middleware\\HttpsProtocol->handle()
#18 /home/admin/web/sampad.me/public_html/course/app/Http/Middleware/IpCheck.php(37): Illuminate\\Pipeline\\Pipeline->Illuminate\\Pipeline\\{closure}()
#19 /home/admin/web/sampad.me/public_html/course/vendor/laravel/framework/src/Illuminate/Pipeline/Pipeline.php(180): App\\Http\\Middleware\\IpCheck->handle()
#20 /home/admin/web/sampad.me/public_html/course/app/Http/Middleware/XSS.php(35): Illuminate\\Pipeline\\Pipeline->Illuminate\\Pipeline\\{closure}()
#21 /home/admin/web/sampad.me/public_html/course/vendor/laravel/framework/src/Illuminate/Pipeline/Pipeline.php(180): App\\Http\\Middleware\\XSS->handle()
#22 /home/admin/web/sampad.me/public_html/course/app/Http/Middleware/CheckUserActiveStatus.php(69): Illuminate\\Pipeline\\Pipeline->Illuminate\\Pipeline\\{closure}()
#23 /home/admin/web/sampad.me/public_html/course/vendor/laravel/framework/src/Illuminate/Pipeline/Pipeline.php(180): App\\Http\\Middleware\\CheckUserActiveStatus->handle()
#24 /home/admin/web/sampad.me/public_html/course/app/Http/Middleware/SetLocale.php(32): Illuminate\\Pipeline\\Pipeline->Illuminate\\Pipeline\\{closure}()
#25 /home/admin/web/sampad.me/public_html/course/vendor/laravel/framework/src/Illuminate/Pipeline/Pipeline.php(180): App\\Http\\Middleware\\SetLocale->handle()
#26 /home/admin/web/sampad.me/public_html/course/vendor/laravel/framework/src/Illuminate/Routing/Middleware/SubstituteBindings.php(50): Illuminate\\Pipeline\\Pipeline->Illuminate\\Pipeline\\{closure}()
#27 /home/admin/web/sampad.me/public_html/course/vendor/laravel/framework/src/Illuminate/Pipeline/Pipeline.php(180): Illuminate\\Routing\\Middleware\\SubstituteBindings->handle()
#28 /home/admin/web/sampad.me/public_html/course/Modules/Localization/Http/Middleware/Language.php(29): Illuminate\\Pipeline\\Pipeline->Illuminate\\Pipeline\\{closure}()
#29 /home/admin/web/sampad.me/public_html/course/vendor/laravel/framework/src/Illuminate/Pipeline/Pipeline.php(180): Modules\\Localization\\Http\\Middleware\\Language->handle()
#30 /home/admin/web/sampad.me/public_html/course/vendor/laravel/framework/src/Illuminate/Foundation/Http/Middleware/VerifyCsrfToken.php(78): Illuminate\\Pipeline\\Pipeline->Illuminate\\Pipeline\\{closure}()
#31 /home/admin/web/sampad.me/public_html/course/vendor/laravel/framework/src/Illuminate/Pipeline/Pipeline.php(180): Illuminate\\Foundation\\Http\\Middleware\\VerifyCsrfToken->handle()
#32 /home/admin/web/sampad.me/public_html/course/vendor/laravel/framework/src/Illuminate/Session/Middleware/AuthenticateSession.php(60): Illuminate\\Pipeline\\Pipeline->Illuminate\\Pipeline\\{closure}()
#33 /home/admin/web/sampad.me/public_html/course/vendor/laravel/framework/src/Illuminate/Pipeline/Pipeline.php(180): Illuminate\\Session\\Middleware\\AuthenticateSession->handle()
#34 /home/admin/web/sampad.me/public_html/course/vendor/laravel/framework/src/Illuminate/Auth/Middleware/Authenticate.php(57): Illuminate\\Pipeline\\Pipeline->Illuminate\\Pipeline\\{closure}()
#35 /home/admin/web/sampad.me/public_html/course/vendor/laravel/framework/src/Illuminate/Pipeline/Pipeline.php(180): Illuminate\\Auth\\Middleware\\Authenticate->handle()
#36 /home/admin/web/sampad.me/public_html/course/vendor/laravel/framework/src/Illuminate/View/Middleware/ShareErrorsFromSession.php(49): Illuminate\\Pipeline\\Pipeline->Illuminate\\Pipeline\\{closure}()
#37 /home/admin/web/sampad.me/public_html/course/vendor/laravel/framework/src/Illuminate/Pipeline/Pipeline.php(180): Illuminate\\View\\Middleware\\ShareErrorsFromSession->handle()
#38 /home/admin/web/sampad.me/public_html/course/vendor/laravel/framework/src/Illuminate/Session/Middleware/StartSession.php(121): Illuminate\\Pipeline\\Pipeline->Illuminate\\Pipeline\\{closure}()
#39 /home/admin/web/sampad.me/public_html/course/vendor/laravel/framework/src/Illuminate/Session/Middleware/StartSession.php(64): Illuminate\\Session\\Middleware\\StartSession->handleStatefulRequest()
#40 /home/admin/web/sampad.me/public_html/course/vendor/laravel/framework/src/Illuminate/Pipeline/Pipeline.php(180): Illuminate\\Session\\Middleware\\StartSession->handle()
#41 /home/admin/web/sampad.me/public_html/course/vendor/laravel/framework/src/Illuminate/Cookie/Middleware/AddQueuedCookiesToResponse.php(37): Illuminate\\Pipeline\\Pipeline->Illuminate\\Pipeline\\{closure}()
#42 /home/admin/web/sampad.me/public_html/course/vendor/laravel/framework/src/Illuminate/Pipeline/Pipeline.php(180): Illuminate\\Cookie\\Middleware\\AddQueuedCookiesToResponse->handle()
#43 /home/admin/web/sampad.me/public_html/course/vendor/laravel/framework/src/Illuminate/Cookie/Middleware/EncryptCookies.php(67): Illuminate\\Pipeline\\Pipeline->Illuminate\\Pipeline\\{closure}()
#44 /home/admin/web/sampad.me/public_html/course/vendor/laravel/framework/src/Illuminate/Pipeline/Pipeline.php(180): Illuminate\\Cookie\\Middleware\\EncryptCookies->handle()
#45 /home/admin/web/sampad.me/public_html/course/vendor/laravel/framework/src/Illuminate/Pipeline/Pipeline.php(116): Illuminate\\Pipeline\\Pipeline->Illuminate\\Pipeline\\{closure}()
#46 /home/admin/web/sampad.me/public_html/course/vendor/laravel/framework/src/Illuminate/Routing/Router.php(797): Illuminate\\Pipeline\\Pipeline->then()
#47 /home/admin/web/sampad.me/public_html/course/vendor/laravel/framework/src/Illuminate/Routing/Router.php(776): Illuminate\\Routing\\Router->runRouteWithinStack()
#48 /home/admin/web/sampad.me/public_html/course/vendor/laravel/framework/src/Illuminate/Routing/Router.php(740): Illuminate\\Routing\\Router->runRoute()
#49 /home/admin/web/sampad.me/public_html/course/vendor/laravel/framework/src/Illuminate/Routing/Router.php(729): Illuminate\\Routing\\Router->dispatchToRoute()
#50 /home/admin/web/sampad.me/public_html/course/vendor/laravel/framework/src/Illuminate/Foundation/Http/Kernel.php(200): Illuminate\\Routing\\Router->dispatch()
#51 /home/admin/web/sampad.me/public_html/course/vendor/laravel/framework/src/Illuminate/Pipeline/Pipeline.php(141): Illuminate\\Foundation\\Http\\Kernel->Illuminate\\Foundation\\Http\\{closure}()
#52 /home/admin/web/sampad.me/public_html/course/vendor/spondonit/lms-service/src/Middleware/LmsService.php(59): Illuminate\\Pipeline\\Pipeline->Illuminate\\Pipeline\\{closure}()
#53 /home/admin/web/sampad.me/public_html/course/vendor/laravel/framework/src/Illuminate/Pipeline/Pipeline.php(180): SpondonIt\\LmsService\\Middleware\\LmsService->handle()
#54 /home/admin/web/sampad.me/public_html/course/vendor/livewire/livewire/src/DisableBrowserCache.php(19): Illuminate\\Pipeline\\Pipeline->Illuminate\\Pipeline\\{closure}()
#55 /home/admin/web/sampad.me/public_html/course/vendor/laravel/framework/src/Illuminate/Pipeline/Pipeline.php(180): Livewire\\DisableBrowserCache->handle()
#56 /home/admin/web/sampad.me/public_html/course/vendor/laravel/framework/src/Illuminate/Foundation/Http/Middleware/TransformsRequest.php(21): Illuminate\\Pipeline\\Pipeline->Illuminate\\Pipeline\\{closure}()
#57 /home/admin/web/sampad.me/public_html/course/vendor/laravel/framework/src/Illuminate/Foundation/Http/Middleware/ConvertEmptyStringsToNull.php(31): Illuminate\\Foundation\\Http\\Middleware\\TransformsRequest->handle()
#58 /home/admin/web/sampad.me/public_html/course/vendor/laravel/framework/src/Illuminate/Pipeline/Pipeline.php(180): Illuminate\\Foundation\\Http\\Middleware\\ConvertEmptyStringsToNull->handle()
#59 /home/admin/web/sampad.me/public_html/course/vendor/laravel/framework/src/Illuminate/Foundation/Http/Middleware/TransformsRequest.php(21): Illuminate\\Pipeline\\Pipeline->Illuminate\\Pipeline\\{closure}()
#60 /home/admin/web/sampad.me/public_html/course/vendor/laravel/framework/src/Illuminate/Foundation/Http/Middleware/TrimStrings.php(40): Illuminate\\Foundation\\Http\\Middleware\\TransformsRequest->handle()
#61 /home/admin/web/sampad.me/public_html/course/vendor/laravel/framework/src/Illuminate/Pipeline/Pipeline.php(180): Illuminate\\Foundation\\Http\\Middleware\\TrimStrings->handle()
#62 /home/admin/web/sampad.me/public_html/course/vendor/laravel/framework/src/Illuminate/Foundation/Http/Middleware/ValidatePostSize.php(27): Illuminate\\Pipeline\\Pipeline->Illuminate\\Pipeline\\{closure}()
#63 /home/admin/web/sampad.me/public_html/course/vendor/laravel/framework/src/Illuminate/Pipeline/Pipeline.php(180): Illuminate\\Foundation\\Http\\Middleware\\ValidatePostSize->handle()
#64 /home/admin/web/sampad.me/public_html/course/vendor/laravel/framework/src/Illuminate/Foundation/Http/Middleware/PreventRequestsDuringMaintenance.php(86): Illuminate\\Pipeline\\Pipeline->Illuminate\\Pipeline\\{closure}()
#65 /home/admin/web/sampad.me/public_html/course/vendor/laravel/framework/src/Illuminate/Pipeline/Pipeline.php(180): Illuminate\\Foundation\\Http\\Middleware\\PreventRequestsDuringMaintenance->handle()
#66 /home/admin/web/sampad.me/public_html/course/vendor/laravel/framework/src/Illuminate/Http/Middleware/HandleCors.php(49): Illuminate\\Pipeline\\Pipeline->Illuminate\\Pipeline\\{closure}()
#67 /home/admin/web/sampad.me/public_html/course/vendor/laravel/framework/src/Illuminate/Pipeline/Pipeline.php(180): Illuminate\\Http\\Middleware\\HandleCors->handle()
#68 /home/admin/web/sampad.me/public_html/course/vendor/laravel/framework/src/Illuminate/Http/Middleware/TrustProxies.php(39): Illuminate\\Pipeline\\Pipeline->Illuminate\\Pipeline\\{closure}()
#69 /home/admin/web/sampad.me/public_html/course/vendor/laravel/framework/src/Illuminate/Pipeline/Pipeline.php(180): Illuminate\\Http\\Middleware\\TrustProxies->handle()
#70 /home/admin/web/sampad.me/public_html/course/vendor/laravel/framework/src/Illuminate/Pipeline/Pipeline.php(116): Illuminate\\Pipeline\\Pipeline->Illuminate\\Pipeline\\{closure}()
#71 /home/admin/web/sampad.me/public_html/course/vendor/laravel/framework/src/Illuminate/Foundation/Http/Kernel.php(175): Illuminate\\Pipeline\\Pipeline->then()
#72 /home/admin/web/sampad.me/public_html/course/vendor/laravel/framework/src/Illuminate/Foundation/Http/Kernel.php(144): Illuminate\\Foundation\\Http\\Kernel->sendRequestThroughRouter()
#73 /home/admin/web/sampad.me/public_html/course/index.php(60): Illuminate\\Foundation\\Http\\Kernel->handle()
#74 {main}
"} 
[2024-08-27 15:59:12] production.INFO: Course_Publish_Successfully->send mail  
[2024-08-27 15:59:37] production.INFO: Course_Chapter_Added->send mail  
[2024-08-27 16:00:39] production.INFO: Course_Lesson_Added->send mail  
